<?xml version="1.0" encoding="UTF-8"?>
<testng-results ignored="0" total="2" passed="2" failed="0" skipped="0">
  <reporter-output>
  </reporter-output>
  <suite started-at="2022-01-18T19:52:09 IST" name="Default suite" finished-at="2022-01-18T19:52:31 IST" duration-ms="22554">
    <groups>
      <group name="cucumber">
        <method signature="AbstractTestNGCucumberTests.runScenario(io.cucumber.testng.PickleWrapper, io.cucumber.testng.FeatureWrapper)[pri:0, instance:runner.MyRunner@4de4b452]" name="runScenario" class="io.cucumber.testng.AbstractTestNGCucumberTests"/>
      </group> <!-- cucumber -->
    </groups>
    <test started-at="2022-01-18T19:52:09 IST" name="Default test" finished-at="2022-01-18T19:52:31 IST" duration-ms="22554">
      <class name="runner.MyRunner">
        <test-method is-config="true" signature="setUpClass()[pri:0, instance:runner.MyRunner@4de4b452]" started-at="2022-01-18T19:52:09 IST" name="setUpClass" finished-at="2022-01-18T19:52:09 IST" duration-ms="418" status="PASS">
          <reporter-output>
          </reporter-output>
        </test-method> <!-- setUpClass -->
        <test-method signature="runScenario(io.cucumber.testng.PickleWrapper, io.cucumber.testng.FeatureWrapper)[pri:0, instance:runner.MyRunner@4de4b452]" started-at="2022-01-18T19:52:09 IST" name="runScenario" description="Runs Cucumber Scenarios" data-provider="scenarios" finished-at="2022-01-18T19:52:31 IST" duration-ms="22012" status="PASS">
          <params>
            <param index="0">
              <value>
                <![CDATA["Selling Stock"]]>
              </value>
            </param>
            <param index="1">
              <value>
                <![CDATA["Optional[Managing Stocks]"]]>
              </value>
            </param>
          </params>
          <reporter-output>
          </reporter-output>
        </test-method> <!-- runScenario -->
        <test-method signature="runScenario(io.cucumber.testng.PickleWrapper, io.cucumber.testng.FeatureWrapper)[pri:0, instance:runner.MyRunner@4de4b452]" started-at="2022-01-18T19:52:09 IST" name="runScenario" description="Runs Cucumber Scenarios" data-provider="scenarios" finished-at="2022-01-18T19:52:30 IST" duration-ms="20786" status="PASS">
          <params>
            <param index="0">
              <value>
                <![CDATA["Buying New Stock"]]>
              </value>
            </param>
            <param index="1">
              <value>
                <![CDATA["Optional[Managing Stocks]"]]>
              </value>
            </param>
          </params>
          <reporter-output>
          </reporter-output>
        </test-method> <!-- runScenario -->
        <test-method is-config="true" signature="tearDownClass()[pri:0, instance:runner.MyRunner@4de4b452]" started-at="2022-01-18T19:52:31 IST" name="tearDownClass" finished-at="2022-01-18T19:52:31 IST" duration-ms="64" status="PASS">
          <reporter-output>
          </reporter-output>
        </test-method> <!-- tearDownClass -->
      </class> <!-- runner.MyRunner -->
    </test> <!-- Default test -->
  </suite> <!-- Default suite -->
</testng-results>
